<?xml version="1.0" encoding="utf-8" ?>
<testsuites tests="8" failures="0" time="0.002">
  <testsuite name="test_i2c" tests="8" failures="0" skipped="0" errors="0" time="0.002">
    <testcase name="test_user_i2c_read_transmit_and_receive_success" time="0.000"/>
    <testcase name="test_user_i2c_read_transmit_error" time="0.000"/>
    <testcase name="test_user_i2c_read_transmit_success_receive_failure" time="0.000"/>
    <testcase name="test_user_i2c_write_success" time="0.000"/>
    <testcase name="test_user_i2c_write_transmit_error" time="0.000"/>
    <testcase name="test_user_i2c_write_zero_length" time="0.000"/>
    <testcase name="test_user_i2c_read_null_interface_pointer" time="0.000"/>
    <testcase name="test_user_i2c_write_null_interface_pointer" time="0.000"/>
  </testsuite>
</testsuites>
